<?xml version='1.0' encoding='UTF-8'?>
<testsuite hostname="MacBookPro" name="l3.ExamplesTests3" tests="4" errors="0" failures="4" skipped="0" time="0.283" timestamp="2024-04-09T20:39:04">
          <properties>
      <property name="java.specification.version" value="21"/><property name="sun.jnu.encoding" value="UTF-8"/><property name="sun.arch.data.model" value="64"/><property name="java.vendor.url" value="https://github.com/Homebrew/homebrew-core/issues"/><property name="sun.boot.library.path" value="/opt/homebrew/Cellar/openjdk/21.0.2/libexec/openjdk.jdk/Contents/Home/lib"/><property name="sun.java.command" value="/opt/homebrew/Cellar/sbt/1.9.9/libexec/bin/sbt-launch.jar"/><property name="jdk.debug" value="release"/><property name="java.specification.vendor" value="Oracle Corporation"/><property name="java.version.date" value="2024-01-16"/><property name="java.home" value="/opt/homebrew/Cellar/openjdk/21.0.2/libexec/openjdk.jdk/Contents/Home"/><property name="file.separator" value="/"/><property name="java.vm.compressedOopsMode" value="Zero based"/><property name="line.separator" value="
"/><property name="java.vm.specification.vendor" value="Oracle Corporation"/><property name="java.specification.name" value="Java Platform API Specification"/><property name="sun.management.compiler" value="HotSpot 64-Bit Tiered Compilers"/><property name="java.runtime.version" value="21.0.2"/><property name="user.name" value="kostasch"/><property name="log4j.ignoreTCL" value="true"/><property name="file.encoding" value="UTF-8"/><property name="java.vendor.version" value="Homebrew"/><property name="java.io.tmpdir" value="/var/folders/_d/9n95ywh122s0wc677dn8b9cr0000gn/T/"/><property name="java.version" value="21.0.2"/><property name="java.vm.specification.name" value="Java Virtual Machine Specification"/><property name="native.encoding" value="UTF-8"/><property name="java.library.path" value="/Users/kostasch/Library/Java/Extensions:/Library/Java/Extensions:/Network/Library/Java/Extensions:/System/Library/Java/Extensions:/usr/lib/java:."/><property name="stderr.encoding" value="UTF-8"/><property name="java.vendor" value="Homebrew"/><property name="scala.ext.dirs" value="/Users/kostasch/.sbt/1.0/java9-rt-ext-homebrew_21_0_2"/><property name="sun.io.unicode.encoding" value="UnicodeBig"/><property name="socksNonProxyHosts" value="local|*.local|169.254/16|*.169.254/16"/><property name="java.class.path" value="/opt/homebrew/Cellar/sbt/1.9.9/libexec/bin/sbt-launch.jar"/><property name="java.vm.vendor" value="Homebrew"/><property name="jline.shutdownhook" value="false"/><property name="user.timezone" value="Europe/Zurich"/><property name="java.vm.specification.version" value="21"/><property name="os.name" value="Mac OS X"/><property name="sun.java.launcher" value="SUN_STANDARD"/><property name="user.country" value="GR"/><property name="http.nonProxyHosts" value="local|*.local|169.254/16|*.169.254/16"/><property name="sun.cpu.endian" value="little"/><property name="user.home" value="/Users/kostasch"/><property name="user.language" value="en"/><property name="sbt.script" value="/opt/homebrew/Cellar/sbt/1.9.9/libexec/bin/sbt"/><property name="sbt.ipcsocket.tmpdir" value="/var/folders/_d/9n95ywh122s0wc677dn8b9cr0000gn/T/.sbtdac9501f/ipcsocket"/><property name="swoval.tmpdir" value="/var/folders/_d/9n95ywh122s0wc677dn8b9cr0000gn/T/.sbtdac9501f/swoval"/><property name="apple.awt.application.name" value="Boot"/><property name="jline.esc.timeout" value="0"/><property name="ftp.nonProxyHosts" value="local|*.local|169.254/16|*.169.254/16"/><property name="stdout.encoding" value="UTF-8"/><property name="path.separator" value=":"/><property name="os.version" value="14.4"/><property name="jna.nosys" value="true"/><property name="java.runtime.name" value="OpenJDK Runtime Environment"/><property name="java.vm.name" value="OpenJDK 64-Bit Server VM"/><property name="java.vendor.url.bug" value="https://github.com/Homebrew/homebrew-core/issues"/><property name="user.dir" value="/Users/kostasch/Documents/EPFL-Msc/advanced-compiler-construction/project/adv_comp_cons_epfl/l3/compiler"/><property name="os.arch" value="aarch64"/><property name="java.vm.info" value="mixed mode, sharing"/><property name="java.vm.version" value="21.0.2"/><property name="java.class.version" value="65.0"/>
    </properties>
          <testcase classname="l3.ExamplesTests3" name="bignums" time="0.088">
                      <failure message="utest.AssertionError: compileAndRun(s&quot;../examples/${testName}.l3m&quot;, input) match { {
      case Right(s: String) if s == expectedOut =&gt;
    } }
testName: String = bignums
input: String = 100
" type="sbt.ForkMain$ForkError">sbt.ForkMain$ForkError: utest.AssertionError: compileAndRun(s&quot;../examples/${testName}.l3m&quot;, input) match { {
      case Right(s: String) if s == expectedOut =&gt;
    } }
testName: String = bignums
input: String = 100

Caused by: sbt.ForkMain$ForkError: java.util.NoSuchElementException: key not found: *@2
	at scala.collection.immutable.Map$EmptyMap$.apply(Map.scala:223)
	at scala.collection.immutable.Map$EmptyMap$.apply(Map.scala:219)
	at scala.collection.MapOps.$anonfun$applyOrElse$1(Map.scala:180)
	at scala.collection.mutable.HashMap.getOrElse(HashMap.scala:436)
	at scala.collection.MapOps.applyOrElse(Map.scala:180)
	at scala.collection.MapOps.applyOrElse$(Map.scala:180)
	at scala.collection.AbstractMap.applyOrElse(Map.scala:405)
	at scala.PartialFunction$OrElse.apply(PartialFunction.scala:266)
	at scala.collection.MapOps.$anonfun$applyOrElse$1(Map.scala:180)
	at scala.collection.immutable.HashMap.getOrElse(HashMap.scala:683)
	at scala.collection.MapOps.applyOrElse(Map.scala:180)
	at scala.collection.MapOps.applyOrElse$(Map.scala:180)
	at scala.collection.AbstractMap.applyOrElse(Map.scala:405)
	at scala.PartialFunction$OrElse.apply(PartialFunction.scala:266)
	at scala.collection.MapOps.$anonfun$applyOrElse$1(Map.scala:180)
	at scala.collection.mutable.HashMap.getOrElse(HashMap.scala:436)
	at scala.collection.MapOps.applyOrElse(Map.scala:180)
	at scala.collection.MapOps.applyOrElse$(Map.scala:180)
	at scala.collection.AbstractMap.applyOrElse(Map.scala:405)
	at scala.PartialFunction$OrElse.apply(PartialFunction.scala:266)
	at scala.collection.MapOps.$anonfun$applyOrElse$1(Map.scala:180)
	at scala.collection.immutable.Map$Map1.getOrElse(Map.scala:248)
	at scala.collection.MapOps.applyOrElse(Map.scala:180)
	at scala.collection.MapOps.applyOrElse$(Map.scala:180)
	at scala.collection.AbstractMap.applyOrElse(Map.scala:405)
	at scala.PartialFunction$OrElse.apply(PartialFunction.scala:266)
	at scala.collection.MapOps.$anonfun$applyOrElse$1(Map.scala:180)
	at scala.collection.immutable.Map$Map1.getOrElse(Map.scala:248)
	at scala.collection.MapOps.applyOrElse(Map.scala:180)
	at scala.collection.MapOps.applyOrElse$(Map.scala:180)
	at scala.collection.AbstractMap.applyOrElse(Map.scala:405)
	at scala.PartialFunction$OrElse.apply(PartialFunction.scala:266)
	at scala.collection.MapOps.$anonfun$applyOrElse$1(Map.scala:180)
	at scala.collection.mutable.HashMap.getOrElse(HashMap.scala:436)
	at scala.collection.MapOps.applyOrElse(Map.scala:180)
	at scala.collection.MapOps.applyOrElse$(Map.scala:180)
	at scala.collection.AbstractMap.applyOrElse(Map.scala:405)
	at scala.PartialFunction$OrElse.apply(PartialFunction.scala:266)
	at scala.collection.MapOps.$anonfun$applyOrElse$1(Map.scala:180)
	at scala.collection.mutable.HashMap.getOrElse(HashMap.scala:436)
	at scala.collection.MapOps.applyOrElse(Map.scala:180)
	at scala.collection.MapOps.applyOrElse$(Map.scala:180)
	at scala.collection.AbstractMap.applyOrElse(Map.scala:405)
	at scala.PartialFunction$OrElse.apply(PartialFunction.scala:266)
	at scala.collection.MapOps.$anonfun$applyOrElse$1(Map.scala:180)
	at scala.collection.mutable.HashMap.getOrElse(HashMap.scala:436)
	at scala.collection.MapOps.applyOrElse(Map.scala:180)
	at scala.collection.MapOps.applyOrElse$(Map.scala:180)
	at scala.collection.AbstractMap.applyOrElse(Map.scala:405)
	at scala.PartialFunction$OrElse.apply(PartialFunction.scala:266)
	at scala.collection.MapOps.$anonfun$applyOrElse$1(Map.scala:180)
	at scala.collection.immutable.Map$Map1.getOrElse(Map.scala:248)
	at scala.collection.MapOps.applyOrElse(Map.scala:180)
	at scala.collection.MapOps.applyOrElse$(Map.scala:180)
	at scala.collection.AbstractMap.applyOrElse(Map.scala:405)
	at scala.PartialFunction$OrElse.apply(PartialFunction.scala:266)
	at l3.CPSInterpreter.resolve$1(CPSInterpreter.scala:37)
	at l3.CPSInterpreter.$anonfun$1(CPSInterpreter.scala:64)
	at scala.collection.immutable.List.map(List.scala:250)
	at scala.collection.immutable.List.map(List.scala:79)
	at l3.CPSInterpreter.eval(CPSInterpreter.scala:64)
	at l3.CPSInterpreter.apply(CPSInterpreter.scala:24)
	at l3.CPSInterpreter.apply$(CPSInterpreter.scala:15)
	at l3.FlatCPSInterpreter.apply(CPSInterpreter.scala:239)
	at l3.FlatCPSInterpreter.apply(CPSInterpreter.scala:239)
	at scala.Function1.$anonfun$andThen$1(Function1.scala:87)
	at l3.L3Tester$.outputCapturingBackend$1$$anonfun$1(L3Tester.scala:29)
	at scala.util.Using$.resource(Using.scala:261)
	at l3.L3Tester$.outputCapturingBackend$1(L3Tester.scala:34)
	at l3.L3Tester$.compileAndRun$$anonfun$1(L3Tester.scala:37)
	at scala.util.Either.flatMap(Either.scala:352)
	at l3.L3Tester$.compile(L3Tester.scala:18)
	at l3.L3Tester$.compileAndRun(L3Tester.scala:37)
	at l3.ExamplesTests.compileAndRun$$anonfun$1(ExamplesTests.scala:21)
	at scala.util.Using$.resource(Using.scala:261)
	at l3.ExamplesTests.compileAndRun(ExamplesTests.scala:25)
	at l3.ExamplesTests.compileAndRun$(ExamplesTests.scala:13)
	at l3.ExamplesTests3$.compileAndRun(ExamplesTests.scala:54)
	at l3.ExamplesTests.testExpectedOutput$$anonfun$1(ExamplesTests.scala:57)
	at utest.asserts.Util$.runAssertionEntry(Util.scala:38)
	at utest.asserts.Asserts$.assertMatchImpl$$anonfun$1(Asserts.scala:60)
	at utest.asserts.Asserts$.assertMatchImpl$$anonfun$adapted$1(Asserts.scala:73)
	at utest.framework.StackMarker$.dropInside(StackMarker.scala:11)
	at utest.asserts.Asserts$.assertMatchImpl(Asserts.scala:73)
	at l3.ExamplesTests.testExpectedOutput(ExamplesTests.scala:34)
	at l3.ExamplesTests.testExpectedOutput$(ExamplesTests.scala:13)
	at l3.ExamplesTests3$.testExpectedOutput(ExamplesTests.scala:54)
	at l3.ExamplesTests.$init$$$anonfun$1$$anonfun$1(ExamplesTests.scala:37)
	at utest.framework.StackMarker$.dropOutside(StackMarker.scala:13)
	at utest.framework.TestCallTree.run(Model.scala:45)
	at utest.framework.TestCallTree.run(Model.scala:43)
	at utest.TestRunner$.$anonfun$8$$anonfun$1(TestRunner.scala:74)
	at utest.framework.Executor.utestWrap(Executor.scala:12)
	at utest.framework.Executor.utestWrap$(Executor.scala:5)
	at utest.TestSuite.utestWrap(TestSuite.scala:12)
	at utest.TestRunner$.$anonfun$8(TestRunner.scala:84)
	at utest.framework.StackMarker$.dropOutside(StackMarker.scala:13)
	at utest.TestRunner$.$anonfun$6$$anonfun$1(TestRunner.scala:85)
	at utest.TestRunner$.evaluateFutureTree(TestRunner.scala:171)
	at utest.TestRunner$.evaluateFutureTree$$anonfun$2(TestRunner.scala:174)
	at scala.concurrent.Future$.$anonfun$traverse$1(Future.scala:861)
	at scala.collection.IterableOnceOps.foldLeft(IterableOnce.scala:675)
	at scala.collection.IterableOnceOps.foldLeft$(IterableOnce.scala:669)
	at scala.collection.AbstractIterator.foldLeft(Iterator.scala:1300)
	at scala.concurrent.Future$.traverse(Future.scala:861)
	at utest.TestRunner$.evaluateFutureTree(TestRunner.scala:174)
	at utest.TestRunner$.runAsync(TestRunner.scala:99)
	at utest.runner.BaseRunner.runSuite(BaseRunner.scala:173)
	at utest.runner.BaseRunner.makeTask$$anonfun$1(BaseRunner.scala:184)
	at utest.runner.Task.execute(Task.scala:20)
	at sbt.ForkMain$Run.lambda$runTest$1(ForkMain.java:414)
	at java.base/java.util.concurrent.FutureTask.run(FutureTask.java:317)
	at java.base/java.util.concurrent.ThreadPoolExecutor.runWorker(ThreadPoolExecutor.java:1144)
	at java.base/java.util.concurrent.ThreadPoolExecutor$Worker.run(ThreadPoolExecutor.java:642)
	at java.base/java.lang.Thread.run(Thread.java:1583)
</failure>
                    </testcase><testcase classname="l3.ExamplesTests3" name="maze" time="0.078">
                      <failure message="utest.AssertionError: compileAndRun(s&quot;../examples/${testName}.l3m&quot;, input) match { {
      case Right(s: String) if s == expectedOut =&gt;
    } }
testName: String = maze
input: String = 8
1337
" type="sbt.ForkMain$ForkError">sbt.ForkMain$ForkError: utest.AssertionError: compileAndRun(s&quot;../examples/${testName}.l3m&quot;, input) match { {
      case Right(s: String) if s == expectedOut =&gt;
    } }
testName: String = maze
input: String = 8
1337

Caused by: sbt.ForkMain$ForkError: java.util.NoSuchElementException: key not found: *@2_1
	at scala.collection.immutable.Map$EmptyMap$.apply(Map.scala:223)
	at scala.collection.immutable.Map$EmptyMap$.apply(Map.scala:219)
	at scala.collection.MapOps.$anonfun$applyOrElse$1(Map.scala:180)
	at scala.collection.mutable.HashMap.getOrElse(HashMap.scala:436)
	at scala.collection.MapOps.applyOrElse(Map.scala:180)
	at scala.collection.MapOps.applyOrElse$(Map.scala:180)
	at scala.collection.AbstractMap.applyOrElse(Map.scala:405)
	at scala.PartialFunction$OrElse.apply(PartialFunction.scala:266)
	at scala.collection.MapOps.$anonfun$applyOrElse$1(Map.scala:180)
	at scala.collection.immutable.HashMap.getOrElse(HashMap.scala:678)
	at scala.collection.MapOps.applyOrElse(Map.scala:180)
	at scala.collection.MapOps.applyOrElse$(Map.scala:180)
	at scala.collection.AbstractMap.applyOrElse(Map.scala:405)
	at scala.PartialFunction$OrElse.apply(PartialFunction.scala:266)
	at scala.collection.MapOps.$anonfun$applyOrElse$1(Map.scala:180)
	at scala.collection.mutable.HashMap.getOrElse(HashMap.scala:436)
	at scala.collection.MapOps.applyOrElse(Map.scala:180)
	at scala.collection.MapOps.applyOrElse$(Map.scala:180)
	at scala.collection.AbstractMap.applyOrElse(Map.scala:405)
	at scala.PartialFunction$OrElse.apply(PartialFunction.scala:266)
	at scala.collection.MapOps.$anonfun$applyOrElse$1(Map.scala:180)
	at scala.collection.immutable.Map$Map1.getOrElse(Map.scala:248)
	at scala.collection.MapOps.applyOrElse(Map.scala:180)
	at scala.collection.MapOps.applyOrElse$(Map.scala:180)
	at scala.collection.AbstractMap.applyOrElse(Map.scala:405)
	at scala.PartialFunction$OrElse.apply(PartialFunction.scala:266)
	at scala.collection.MapOps.$anonfun$applyOrElse$1(Map.scala:180)
	at scala.collection.immutable.Map$Map1.getOrElse(Map.scala:248)
	at scala.collection.MapOps.applyOrElse(Map.scala:180)
	at scala.collection.MapOps.applyOrElse$(Map.scala:180)
	at scala.collection.AbstractMap.applyOrElse(Map.scala:405)
	at scala.PartialFunction$OrElse.apply(PartialFunction.scala:266)
	at scala.collection.MapOps.$anonfun$applyOrElse$1(Map.scala:180)
	at scala.collection.mutable.HashMap.getOrElse(HashMap.scala:436)
	at scala.collection.MapOps.applyOrElse(Map.scala:180)
	at scala.collection.MapOps.applyOrElse$(Map.scala:180)
	at scala.collection.AbstractMap.applyOrElse(Map.scala:405)
	at scala.PartialFunction$OrElse.apply(PartialFunction.scala:266)
	at scala.collection.MapOps.$anonfun$applyOrElse$1(Map.scala:180)
	at scala.collection.mutable.HashMap.getOrElse(HashMap.scala:436)
	at scala.collection.MapOps.applyOrElse(Map.scala:180)
	at scala.collection.MapOps.applyOrElse$(Map.scala:180)
	at scala.collection.AbstractMap.applyOrElse(Map.scala:405)
	at scala.PartialFunction$OrElse.apply(PartialFunction.scala:266)
	at scala.collection.MapOps.$anonfun$applyOrElse$1(Map.scala:180)
	at scala.collection.mutable.HashMap.getOrElse(HashMap.scala:436)
	at scala.collection.MapOps.applyOrElse(Map.scala:180)
	at scala.collection.MapOps.applyOrElse$(Map.scala:180)
	at scala.collection.AbstractMap.applyOrElse(Map.scala:405)
	at scala.PartialFunction$OrElse.apply(PartialFunction.scala:266)
	at scala.collection.MapOps.$anonfun$applyOrElse$1(Map.scala:180)
	at scala.collection.immutable.Map$Map1.getOrElse(Map.scala:248)
	at scala.collection.MapOps.applyOrElse(Map.scala:180)
	at scala.collection.MapOps.applyOrElse$(Map.scala:180)
	at scala.collection.AbstractMap.applyOrElse(Map.scala:405)
	at scala.PartialFunction$OrElse.apply(PartialFunction.scala:266)
	at l3.CPSInterpreter.resolve$1(CPSInterpreter.scala:37)
	at l3.CPSInterpreter.$anonfun$1(CPSInterpreter.scala:64)
	at scala.collection.immutable.List.map(List.scala:250)
	at scala.collection.immutable.List.map(List.scala:79)
	at l3.CPSInterpreter.eval(CPSInterpreter.scala:64)
	at l3.CPSInterpreter.apply(CPSInterpreter.scala:24)
	at l3.CPSInterpreter.apply$(CPSInterpreter.scala:15)
	at l3.FlatCPSInterpreter.apply(CPSInterpreter.scala:239)
	at l3.FlatCPSInterpreter.apply(CPSInterpreter.scala:239)
	at scala.Function1.$anonfun$andThen$1(Function1.scala:87)
	at l3.L3Tester$.outputCapturingBackend$1$$anonfun$1(L3Tester.scala:29)
	at scala.util.Using$.resource(Using.scala:261)
	at l3.L3Tester$.outputCapturingBackend$1(L3Tester.scala:34)
	at l3.L3Tester$.compileAndRun$$anonfun$1(L3Tester.scala:37)
	at scala.util.Either.flatMap(Either.scala:352)
	at l3.L3Tester$.compile(L3Tester.scala:18)
	at l3.L3Tester$.compileAndRun(L3Tester.scala:37)
	at l3.ExamplesTests.compileAndRun$$anonfun$1(ExamplesTests.scala:21)
	at scala.util.Using$.resource(Using.scala:261)
	at l3.ExamplesTests.compileAndRun(ExamplesTests.scala:25)
	at l3.ExamplesTests.compileAndRun$(ExamplesTests.scala:13)
	at l3.ExamplesTests3$.compileAndRun(ExamplesTests.scala:54)
	at l3.ExamplesTests.testExpectedOutput$$anonfun$1(ExamplesTests.scala:57)
	at utest.asserts.Util$.runAssertionEntry(Util.scala:38)
	at utest.asserts.Asserts$.assertMatchImpl$$anonfun$1(Asserts.scala:60)
	at utest.asserts.Asserts$.assertMatchImpl$$anonfun$adapted$1(Asserts.scala:73)
	at utest.framework.StackMarker$.dropInside(StackMarker.scala:11)
	at utest.asserts.Asserts$.assertMatchImpl(Asserts.scala:73)
	at l3.ExamplesTests.testExpectedOutput(ExamplesTests.scala:34)
	at l3.ExamplesTests.testExpectedOutput$(ExamplesTests.scala:13)
	at l3.ExamplesTests3$.testExpectedOutput(ExamplesTests.scala:54)
	at l3.ExamplesTests.$init$$$anonfun$1$$anonfun$2(ExamplesTests.scala:37)
	at utest.framework.StackMarker$.dropOutside(StackMarker.scala:13)
	at utest.framework.TestCallTree.run(Model.scala:45)
	at utest.framework.TestCallTree.run(Model.scala:43)
	at utest.TestRunner$.$anonfun$8$$anonfun$1(TestRunner.scala:74)
	at utest.framework.Executor.utestWrap(Executor.scala:12)
	at utest.framework.Executor.utestWrap$(Executor.scala:5)
	at utest.TestSuite.utestWrap(TestSuite.scala:12)
	at utest.TestRunner$.$anonfun$8(TestRunner.scala:84)
	at utest.framework.StackMarker$.dropOutside(StackMarker.scala:13)
	at utest.TestRunner$.$anonfun$6$$anonfun$1(TestRunner.scala:85)
	at utest.TestRunner$.evaluateFutureTree(TestRunner.scala:171)
	at utest.TestRunner$.evaluateFutureTree$$anonfun$2(TestRunner.scala:174)
	at scala.concurrent.Future$.$anonfun$traverse$1(Future.scala:861)
	at scala.collection.IterableOnceOps.foldLeft(IterableOnce.scala:675)
	at scala.collection.IterableOnceOps.foldLeft$(IterableOnce.scala:669)
	at scala.collection.AbstractIterator.foldLeft(Iterator.scala:1300)
	at scala.concurrent.Future$.traverse(Future.scala:861)
	at utest.TestRunner$.evaluateFutureTree(TestRunner.scala:174)
	at utest.TestRunner$.runAsync(TestRunner.scala:99)
	at utest.runner.BaseRunner.runSuite(BaseRunner.scala:173)
	at utest.runner.BaseRunner.makeTask$$anonfun$1(BaseRunner.scala:184)
	at utest.runner.Task.execute(Task.scala:20)
	at sbt.ForkMain$Run.lambda$runTest$1(ForkMain.java:414)
	at java.base/java.util.concurrent.FutureTask.run(FutureTask.java:317)
	at java.base/java.util.concurrent.ThreadPoolExecutor.runWorker(ThreadPoolExecutor.java:1144)
	at java.base/java.util.concurrent.ThreadPoolExecutor$Worker.run(ThreadPoolExecutor.java:642)
	at java.base/java.lang.Thread.run(Thread.java:1583)
</failure>
                    </testcase><testcase classname="l3.ExamplesTests3" name="queens" time="0.054">
                      <failure message="utest.AssertionError: compileAndRun(s&quot;../examples/${testName}.l3m&quot;, input) match { {
      case Right(s: String) if s == expectedOut =&gt;
    } }
testName: String = queens
input: String = 6
0
" type="sbt.ForkMain$ForkError">sbt.ForkMain$ForkError: utest.AssertionError: compileAndRun(s&quot;../examples/${testName}.l3m&quot;, input) match { {
      case Right(s: String) if s == expectedOut =&gt;
    } }
testName: String = queens
input: String = 6
0

Caused by: sbt.ForkMain$ForkError: java.util.NoSuchElementException: key not found: *@2_2
	at scala.collection.immutable.Map$EmptyMap$.apply(Map.scala:223)
	at scala.collection.immutable.Map$EmptyMap$.apply(Map.scala:219)
	at scala.collection.MapOps.$anonfun$applyOrElse$1(Map.scala:180)
	at scala.collection.mutable.HashMap.getOrElse(HashMap.scala:436)
	at scala.collection.MapOps.applyOrElse(Map.scala:180)
	at scala.collection.MapOps.applyOrElse$(Map.scala:180)
	at scala.collection.AbstractMap.applyOrElse(Map.scala:405)
	at scala.PartialFunction$OrElse.apply(PartialFunction.scala:266)
	at scala.collection.MapOps.$anonfun$applyOrElse$1(Map.scala:180)
	at scala.collection.immutable.BitmapIndexedMapNode.getOrElse(HashMap.scala:683)
	at scala.collection.immutable.HashMap.getOrElse(HashMap.scala:681)
	at scala.collection.MapOps.applyOrElse(Map.scala:180)
	at scala.collection.MapOps.applyOrElse$(Map.scala:180)
	at scala.collection.AbstractMap.applyOrElse(Map.scala:405)
	at scala.PartialFunction$OrElse.apply(PartialFunction.scala:266)
	at scala.collection.MapOps.$anonfun$applyOrElse$1(Map.scala:180)
	at scala.collection.mutable.HashMap.getOrElse(HashMap.scala:436)
	at scala.collection.MapOps.applyOrElse(Map.scala:180)
	at scala.collection.MapOps.applyOrElse$(Map.scala:180)
	at scala.collection.AbstractMap.applyOrElse(Map.scala:405)
	at scala.PartialFunction$OrElse.apply(PartialFunction.scala:266)
	at scala.collection.MapOps.$anonfun$applyOrElse$1(Map.scala:180)
	at scala.collection.immutable.Map$Map1.getOrElse(Map.scala:248)
	at scala.collection.MapOps.applyOrElse(Map.scala:180)
	at scala.collection.MapOps.applyOrElse$(Map.scala:180)
	at scala.collection.AbstractMap.applyOrElse(Map.scala:405)
	at scala.PartialFunction$OrElse.apply(PartialFunction.scala:266)
	at scala.collection.MapOps.$anonfun$applyOrElse$1(Map.scala:180)
	at scala.collection.immutable.Map$Map1.getOrElse(Map.scala:248)
	at scala.collection.MapOps.applyOrElse(Map.scala:180)
	at scala.collection.MapOps.applyOrElse$(Map.scala:180)
	at scala.collection.AbstractMap.applyOrElse(Map.scala:405)
	at scala.PartialFunction$OrElse.apply(PartialFunction.scala:266)
	at scala.collection.MapOps.$anonfun$applyOrElse$1(Map.scala:180)
	at scala.collection.mutable.HashMap.getOrElse(HashMap.scala:436)
	at scala.collection.MapOps.applyOrElse(Map.scala:180)
	at scala.collection.MapOps.applyOrElse$(Map.scala:180)
	at scala.collection.AbstractMap.applyOrElse(Map.scala:405)
	at scala.PartialFunction$OrElse.apply(PartialFunction.scala:266)
	at scala.collection.MapOps.$anonfun$applyOrElse$1(Map.scala:180)
	at scala.collection.mutable.HashMap.getOrElse(HashMap.scala:436)
	at scala.collection.MapOps.applyOrElse(Map.scala:180)
	at scala.collection.MapOps.applyOrElse$(Map.scala:180)
	at scala.collection.AbstractMap.applyOrElse(Map.scala:405)
	at scala.PartialFunction$OrElse.apply(PartialFunction.scala:266)
	at scala.collection.MapOps.$anonfun$applyOrElse$1(Map.scala:180)
	at scala.collection.mutable.HashMap.getOrElse(HashMap.scala:436)
	at scala.collection.MapOps.applyOrElse(Map.scala:180)
	at scala.collection.MapOps.applyOrElse$(Map.scala:180)
	at scala.collection.AbstractMap.applyOrElse(Map.scala:405)
	at scala.PartialFunction$OrElse.apply(PartialFunction.scala:266)
	at scala.collection.MapOps.$anonfun$applyOrElse$1(Map.scala:180)
	at scala.collection.immutable.Map$Map1.getOrElse(Map.scala:248)
	at scala.collection.MapOps.applyOrElse(Map.scala:180)
	at scala.collection.MapOps.applyOrElse$(Map.scala:180)
	at scala.collection.AbstractMap.applyOrElse(Map.scala:405)
	at scala.PartialFunction$OrElse.apply(PartialFunction.scala:266)
	at l3.CPSInterpreter.resolve$1(CPSInterpreter.scala:37)
	at l3.CPSInterpreter.$anonfun$1(CPSInterpreter.scala:64)
	at scala.collection.immutable.List.map(List.scala:250)
	at scala.collection.immutable.List.map(List.scala:79)
	at l3.CPSInterpreter.eval(CPSInterpreter.scala:64)
	at l3.CPSInterpreter.apply(CPSInterpreter.scala:24)
	at l3.CPSInterpreter.apply$(CPSInterpreter.scala:15)
	at l3.FlatCPSInterpreter.apply(CPSInterpreter.scala:239)
	at l3.FlatCPSInterpreter.apply(CPSInterpreter.scala:239)
	at scala.Function1.$anonfun$andThen$1(Function1.scala:87)
	at l3.L3Tester$.outputCapturingBackend$1$$anonfun$1(L3Tester.scala:29)
	at scala.util.Using$.resource(Using.scala:261)
	at l3.L3Tester$.outputCapturingBackend$1(L3Tester.scala:34)
	at l3.L3Tester$.compileAndRun$$anonfun$1(L3Tester.scala:37)
	at scala.util.Either.flatMap(Either.scala:352)
	at l3.L3Tester$.compile(L3Tester.scala:18)
	at l3.L3Tester$.compileAndRun(L3Tester.scala:37)
	at l3.ExamplesTests.compileAndRun$$anonfun$1(ExamplesTests.scala:21)
	at scala.util.Using$.resource(Using.scala:261)
	at l3.ExamplesTests.compileAndRun(ExamplesTests.scala:25)
	at l3.ExamplesTests.compileAndRun$(ExamplesTests.scala:13)
	at l3.ExamplesTests3$.compileAndRun(ExamplesTests.scala:54)
	at l3.ExamplesTests.testExpectedOutput$$anonfun$1(ExamplesTests.scala:57)
	at utest.asserts.Util$.runAssertionEntry(Util.scala:38)
	at utest.asserts.Asserts$.assertMatchImpl$$anonfun$1(Asserts.scala:60)
	at utest.asserts.Asserts$.assertMatchImpl$$anonfun$adapted$1(Asserts.scala:73)
	at utest.framework.StackMarker$.dropInside(StackMarker.scala:11)
	at utest.asserts.Asserts$.assertMatchImpl(Asserts.scala:73)
	at l3.ExamplesTests.testExpectedOutput(ExamplesTests.scala:34)
	at l3.ExamplesTests.testExpectedOutput$(ExamplesTests.scala:13)
	at l3.ExamplesTests3$.testExpectedOutput(ExamplesTests.scala:54)
	at l3.ExamplesTests.$init$$$anonfun$1$$anonfun$3(ExamplesTests.scala:37)
	at utest.framework.StackMarker$.dropOutside(StackMarker.scala:13)
	at utest.framework.TestCallTree.run(Model.scala:45)
	at utest.framework.TestCallTree.run(Model.scala:43)
	at utest.TestRunner$.$anonfun$8$$anonfun$1(TestRunner.scala:74)
	at utest.framework.Executor.utestWrap(Executor.scala:12)
	at utest.framework.Executor.utestWrap$(Executor.scala:5)
	at utest.TestSuite.utestWrap(TestSuite.scala:12)
	at utest.TestRunner$.$anonfun$8(TestRunner.scala:84)
	at utest.framework.StackMarker$.dropOutside(StackMarker.scala:13)
	at utest.TestRunner$.$anonfun$6$$anonfun$1(TestRunner.scala:85)
	at utest.TestRunner$.evaluateFutureTree(TestRunner.scala:171)
	at utest.TestRunner$.evaluateFutureTree$$anonfun$2(TestRunner.scala:174)
	at scala.concurrent.Future$.$anonfun$traverse$1(Future.scala:861)
	at scala.collection.IterableOnceOps.foldLeft(IterableOnce.scala:675)
	at scala.collection.IterableOnceOps.foldLeft$(IterableOnce.scala:669)
	at scala.collection.AbstractIterator.foldLeft(Iterator.scala:1300)
	at scala.concurrent.Future$.traverse(Future.scala:861)
	at utest.TestRunner$.evaluateFutureTree(TestRunner.scala:174)
	at utest.TestRunner$.runAsync(TestRunner.scala:99)
	at utest.runner.BaseRunner.runSuite(BaseRunner.scala:173)
	at utest.runner.BaseRunner.makeTask$$anonfun$1(BaseRunner.scala:184)
	at utest.runner.Task.execute(Task.scala:20)
	at sbt.ForkMain$Run.lambda$runTest$1(ForkMain.java:414)
	at java.base/java.util.concurrent.FutureTask.run(FutureTask.java:317)
	at java.base/java.util.concurrent.ThreadPoolExecutor.runWorker(ThreadPoolExecutor.java:1144)
	at java.base/java.util.concurrent.ThreadPoolExecutor$Worker.run(ThreadPoolExecutor.java:642)
	at java.base/java.lang.Thread.run(Thread.java:1583)
</failure>
                    </testcase><testcase classname="l3.ExamplesTests3" name="unimaze" time="0.063">
                      <failure message="utest.AssertionError: compileAndRun(s&quot;../examples/${testName}.l3m&quot;, input) match { {
      case Right(s: String) if s == expectedOut =&gt;
    } }
testName: String = unimaze
input: String = 20
8
2018
" type="sbt.ForkMain$ForkError">sbt.ForkMain$ForkError: utest.AssertionError: compileAndRun(s&quot;../examples/${testName}.l3m&quot;, input) match { {
      case Right(s: String) if s == expectedOut =&gt;
    } }
testName: String = unimaze
input: String = 20
8
2018

Caused by: sbt.ForkMain$ForkError: java.util.NoSuchElementException: key not found: *@2_3
	at scala.collection.immutable.Map$EmptyMap$.apply(Map.scala:223)
	at scala.collection.immutable.Map$EmptyMap$.apply(Map.scala:219)
	at scala.collection.MapOps.$anonfun$applyOrElse$1(Map.scala:180)
	at scala.collection.mutable.HashMap.getOrElse(HashMap.scala:436)
	at scala.collection.MapOps.applyOrElse(Map.scala:180)
	at scala.collection.MapOps.applyOrElse$(Map.scala:180)
	at scala.collection.AbstractMap.applyOrElse(Map.scala:405)
	at scala.PartialFunction$OrElse.apply(PartialFunction.scala:266)
	at scala.collection.MapOps.$anonfun$applyOrElse$1(Map.scala:180)
	at scala.collection.immutable.HashMap.getOrElse(HashMap.scala:678)
	at scala.collection.MapOps.applyOrElse(Map.scala:180)
	at scala.collection.MapOps.applyOrElse$(Map.scala:180)
	at scala.collection.AbstractMap.applyOrElse(Map.scala:405)
	at scala.PartialFunction$OrElse.apply(PartialFunction.scala:266)
	at scala.collection.MapOps.$anonfun$applyOrElse$1(Map.scala:180)
	at scala.collection.mutable.HashMap.getOrElse(HashMap.scala:436)
	at scala.collection.MapOps.applyOrElse(Map.scala:180)
	at scala.collection.MapOps.applyOrElse$(Map.scala:180)
	at scala.collection.AbstractMap.applyOrElse(Map.scala:405)
	at scala.PartialFunction$OrElse.apply(PartialFunction.scala:266)
	at scala.collection.MapOps.$anonfun$applyOrElse$1(Map.scala:180)
	at scala.collection.immutable.Map$Map1.getOrElse(Map.scala:248)
	at scala.collection.MapOps.applyOrElse(Map.scala:180)
	at scala.collection.MapOps.applyOrElse$(Map.scala:180)
	at scala.collection.AbstractMap.applyOrElse(Map.scala:405)
	at scala.PartialFunction$OrElse.apply(PartialFunction.scala:266)
	at scala.collection.MapOps.$anonfun$applyOrElse$1(Map.scala:180)
	at scala.collection.immutable.Map$Map1.getOrElse(Map.scala:248)
	at scala.collection.MapOps.applyOrElse(Map.scala:180)
	at scala.collection.MapOps.applyOrElse$(Map.scala:180)
	at scala.collection.AbstractMap.applyOrElse(Map.scala:405)
	at scala.PartialFunction$OrElse.apply(PartialFunction.scala:266)
	at scala.collection.MapOps.$anonfun$applyOrElse$1(Map.scala:180)
	at scala.collection.mutable.HashMap.getOrElse(HashMap.scala:436)
	at scala.collection.MapOps.applyOrElse(Map.scala:180)
	at scala.collection.MapOps.applyOrElse$(Map.scala:180)
	at scala.collection.AbstractMap.applyOrElse(Map.scala:405)
	at scala.PartialFunction$OrElse.apply(PartialFunction.scala:266)
	at scala.collection.MapOps.$anonfun$applyOrElse$1(Map.scala:180)
	at scala.collection.mutable.HashMap.getOrElse(HashMap.scala:436)
	at scala.collection.MapOps.applyOrElse(Map.scala:180)
	at scala.collection.MapOps.applyOrElse$(Map.scala:180)
	at scala.collection.AbstractMap.applyOrElse(Map.scala:405)
	at scala.PartialFunction$OrElse.apply(PartialFunction.scala:266)
	at scala.collection.MapOps.$anonfun$applyOrElse$1(Map.scala:180)
	at scala.collection.mutable.HashMap.getOrElse(HashMap.scala:436)
	at scala.collection.MapOps.applyOrElse(Map.scala:180)
	at scala.collection.MapOps.applyOrElse$(Map.scala:180)
	at scala.collection.AbstractMap.applyOrElse(Map.scala:405)
	at scala.PartialFunction$OrElse.apply(PartialFunction.scala:266)
	at scala.collection.MapOps.$anonfun$applyOrElse$1(Map.scala:180)
	at scala.collection.immutable.Map$Map1.getOrElse(Map.scala:248)
	at scala.collection.MapOps.applyOrElse(Map.scala:180)
	at scala.collection.MapOps.applyOrElse$(Map.scala:180)
	at scala.collection.AbstractMap.applyOrElse(Map.scala:405)
	at scala.PartialFunction$OrElse.apply(PartialFunction.scala:266)
	at l3.CPSInterpreter.resolve$1(CPSInterpreter.scala:37)
	at l3.CPSInterpreter.$anonfun$1(CPSInterpreter.scala:64)
	at scala.collection.immutable.List.map(List.scala:250)
	at scala.collection.immutable.List.map(List.scala:79)
	at l3.CPSInterpreter.eval(CPSInterpreter.scala:64)
	at l3.CPSInterpreter.apply(CPSInterpreter.scala:24)
	at l3.CPSInterpreter.apply$(CPSInterpreter.scala:15)
	at l3.FlatCPSInterpreter.apply(CPSInterpreter.scala:239)
	at l3.FlatCPSInterpreter.apply(CPSInterpreter.scala:239)
	at scala.Function1.$anonfun$andThen$1(Function1.scala:87)
	at l3.L3Tester$.outputCapturingBackend$1$$anonfun$1(L3Tester.scala:29)
	at scala.util.Using$.resource(Using.scala:261)
	at l3.L3Tester$.outputCapturingBackend$1(L3Tester.scala:34)
	at l3.L3Tester$.compileAndRun$$anonfun$1(L3Tester.scala:37)
	at scala.util.Either.flatMap(Either.scala:352)
	at l3.L3Tester$.compile(L3Tester.scala:18)
	at l3.L3Tester$.compileAndRun(L3Tester.scala:37)
	at l3.ExamplesTests.compileAndRun$$anonfun$1(ExamplesTests.scala:21)
	at scala.util.Using$.resource(Using.scala:261)
	at l3.ExamplesTests.compileAndRun(ExamplesTests.scala:25)
	at l3.ExamplesTests.compileAndRun$(ExamplesTests.scala:13)
	at l3.ExamplesTests3$.compileAndRun(ExamplesTests.scala:54)
	at l3.ExamplesTests.testExpectedOutput$$anonfun$1(ExamplesTests.scala:57)
	at utest.asserts.Util$.runAssertionEntry(Util.scala:38)
	at utest.asserts.Asserts$.assertMatchImpl$$anonfun$1(Asserts.scala:60)
	at utest.asserts.Asserts$.assertMatchImpl$$anonfun$adapted$1(Asserts.scala:73)
	at utest.framework.StackMarker$.dropInside(StackMarker.scala:11)
	at utest.asserts.Asserts$.assertMatchImpl(Asserts.scala:73)
	at l3.ExamplesTests.testExpectedOutput(ExamplesTests.scala:34)
	at l3.ExamplesTests.testExpectedOutput$(ExamplesTests.scala:13)
	at l3.ExamplesTests3$.testExpectedOutput(ExamplesTests.scala:54)
	at l3.ExamplesTests.$init$$$anonfun$1$$anonfun$4(ExamplesTests.scala:37)
	at utest.framework.StackMarker$.dropOutside(StackMarker.scala:13)
	at utest.framework.TestCallTree.run(Model.scala:45)
	at utest.framework.TestCallTree.run(Model.scala:43)
	at utest.TestRunner$.$anonfun$8$$anonfun$1(TestRunner.scala:74)
	at utest.framework.Executor.utestWrap(Executor.scala:12)
	at utest.framework.Executor.utestWrap$(Executor.scala:5)
	at utest.TestSuite.utestWrap(TestSuite.scala:12)
	at utest.TestRunner$.$anonfun$8(TestRunner.scala:84)
	at utest.framework.StackMarker$.dropOutside(StackMarker.scala:13)
	at utest.TestRunner$.$anonfun$6$$anonfun$1(TestRunner.scala:85)
	at utest.TestRunner$.evaluateFutureTree(TestRunner.scala:171)
	at utest.TestRunner$.evaluateFutureTree$$anonfun$2(TestRunner.scala:174)
	at scala.concurrent.Future$.$anonfun$traverse$1(Future.scala:861)
	at scala.collection.IterableOnceOps.foldLeft(IterableOnce.scala:675)
	at scala.collection.IterableOnceOps.foldLeft$(IterableOnce.scala:669)
	at scala.collection.AbstractIterator.foldLeft(Iterator.scala:1300)
	at scala.concurrent.Future$.traverse(Future.scala:861)
	at utest.TestRunner$.evaluateFutureTree(TestRunner.scala:174)
	at utest.TestRunner$.runAsync(TestRunner.scala:99)
	at utest.runner.BaseRunner.runSuite(BaseRunner.scala:173)
	at utest.runner.BaseRunner.makeTask$$anonfun$1(BaseRunner.scala:184)
	at utest.runner.Task.execute(Task.scala:20)
	at sbt.ForkMain$Run.lambda$runTest$1(ForkMain.java:414)
	at java.base/java.util.concurrent.FutureTask.run(FutureTask.java:317)
	at java.base/java.util.concurrent.ThreadPoolExecutor.runWorker(ThreadPoolExecutor.java:1144)
	at java.base/java.util.concurrent.ThreadPoolExecutor$Worker.run(ThreadPoolExecutor.java:642)
	at java.base/java.lang.Thread.run(Thread.java:1583)
</failure>
                    </testcase>
          <system-out><![CDATA[]]></system-out>
          <system-err><![CDATA[]]></system-err>
        </testsuite>