<?xml version='1.0' encoding='UTF-8'?>
<testsuite hostname="MacBookPro" name="l3.SyntheticTests2" tests="38" errors="0" failures="0" skipped="0" time="0.007" timestamp="2024-04-09T20:39:04">
          <properties>
[...]
</properties>
          <testcase classname="l3.SyntheticTests2" name="primitives.prim-blockp (@block?)" time="0.001">
                      
                    </testcase><testcase classname="l3.SyntheticTests2" name="primitives.prim-block-alloc (@block-alloc-...)" time="0.0">
                      
                    </testcase><testcase classname="l3.SyntheticTests2" name="primitives.prim-block-tag (@block-tag)" time="0.0">
                      
                    </testcase><testcase classname="l3.SyntheticTests2" name="primitives.prim-block-length (@block-length)" time="0.0">
                      
                    </testcase><testcase classname="l3.SyntheticTests2" name="primitives.prim-block-get-set (@block-[sg]et)" time="0.0">
                      
                    </testcase><testcase classname="l3.SyntheticTests2" name="primitives.prim-intp (@int?)" time="0.0">
                      
                    </testcase><testcase classname="l3.SyntheticTests2" name="primitives.prim-add (@+)" time="0.0">
                      
                    </testcase><testcase classname="l3.SyntheticTests2" name="primitives.prim-sub (@-)" time="0.0">
                      
                    </testcase><testcase classname="l3.SyntheticTests2" name="primitives.prim-mul (@*)" time="0.0">
                      
                    </testcase><testcase classname="l3.SyntheticTests2" name="primitives.prim-div (@/)" time="0.0">
                      
                    </testcase><testcase classname="l3.SyntheticTests2" name="primitives.prim-mod (@%)" time="0.0">
                      
                    </testcase><testcase classname="l3.SyntheticTests2" name="primitives.prim-shift-left (@shift-left)" time="0.0">
                      
                    </testcase><testcase classname="l3.SyntheticTests2" name="primitives.prim-shift-right (@shift-right)" time="0.0">
                      
                    </testcase><testcase classname="l3.SyntheticTests2" name="primitives.prim-and (@and)" time="0.0">
                      
                    </testcase><testcase classname="l3.SyntheticTests2" name="primitives.prim-or (@or)" time="0.0">
                      
                    </testcase><testcase classname="l3.SyntheticTests2" name="primitives.prim-xor (@xor)" time="0.0">
                      
                    </testcase><testcase classname="l3.SyntheticTests2" name="primitives.prim-lt (@&lt;)" time="0.0">
                      
                    </testcase><testcase classname="l3.SyntheticTests2" name="primitives.prim-le (@&lt;=)" time="0.0">
                      
                    </testcase><testcase classname="l3.SyntheticTests2" name="primitives.prim-int-to-char (@int-&gt;char)" time="0.0">
                      
                    </testcase><testcase classname="l3.SyntheticTests2" name="primitives.prim-charp (@char?)" time="0.0">
                      
                    </testcase><testcase classname="l3.SyntheticTests2" name="primitives.prim-char-to-int (@char-&gt;int)" time="0.0">
                      
                    </testcase><testcase classname="l3.SyntheticTests2" name="primitives.prim-boolp (@bool?)" time="0.0">
                      
                    </testcase><testcase classname="l3.SyntheticTests2" name="primitives.prim-unitp (@unit?)" time="0.001">
                      
                    </testcase><testcase classname="l3.SyntheticTests2" name="primitives.prim-eq (@=)" time="0.002">
                      
                    </testcase><testcase classname="l3.SyntheticTests2" name="expressions.expr-let (let …)" time="0.001">
                      
                    </testcase><testcase classname="l3.SyntheticTests2" name="expressions.expr-lets (let* …)" time="0.0">
                      
                    </testcase><testcase classname="l3.SyntheticTests2" name="expressions.expr-letrec (letrec …)" time="0.001">
                      
                    </testcase><testcase classname="l3.SyntheticTests2" name="expressions.expr-rec (rec …)" time="0.0">
                      
                    </testcase><testcase classname="l3.SyntheticTests2" name="expressions.expr-fun (fun …)" time="0.0">
                      
                    </testcase><testcase classname="l3.SyntheticTests2" name="expressions.expr-begin (begin …)" time="0.0">
                      
                    </testcase><testcase classname="l3.SyntheticTests2" name="expressions.expr-if (if …)" time="0.0">
                      
                    </testcase><testcase classname="l3.SyntheticTests2" name="expressions.expr-cond (cond …)" time="0.0">
                      
                    </testcase><testcase classname="l3.SyntheticTests2" name="expressions.expr-and (and …)" time="0.0">
                      
                    </testcase><testcase classname="l3.SyntheticTests2" name="expressions.expr-or (or …)" time="0.0">
                      
                    </testcase><testcase classname="l3.SyntheticTests2" name="expressions.expr-not (not …)" time="0.0">
                      
                    </testcase><testcase classname="l3.SyntheticTests2" name="statements.stmt-def (def …)" time="0.0">
                      
                    </testcase><testcase classname="l3.SyntheticTests2" name="statements.stmt-defrec (defrec …)" time="0.0">
                      
                    </testcase><testcase classname="l3.SyntheticTests2" name="statements.stmt-halt (halt …)" time="0.001">
                      
                    </testcase>
          <system-out><![CDATA[]]></system-out>
          <system-err><![CDATA[]]></system-err>
        </testsuite>